 0.1510574018126888;Millis/File: 6620
 0.2675943270002676;Millis/File: 3737
 0.40080160320641284;Millis/File: 2495
 0.4719207173194903;Millis/File: 2119
 0.589622641509434;Millis/File: 1696
 0.5296610169491526;Millis/File: 1888
 0.6161429451632778;Millis/File: 1623
 0.684931506849315;Millis/File: 1460
 0.7704160246533128;Millis/File: 1298
 0.7733952049497294;Millis/File: 1293
 0.7336757153338225;Millis/File: 1363
 0.7923930269413629;Millis/File: 1262
 0.8539709649871904;Millis/File: 1171
 0.8826125330979699;Millis/File: 1133
 0.8278145695364238;Millis/File: 1208
 0.8779631255487269;Millis/File: 1139
 0.9074410163339383;Millis/File: 1102
 0.9587727708533078;Millis/File: 1043
 0.9033423667570009;Millis/File: 1107
 0.9250693802035153;Millis/File: 1081
 0.9460737937559129;Millis/File: 1057
 0.9633911368015414;Millis/File: 1038
 0.983284169124877;Millis/File: 1017
 0.9881422924901185;Millis/File: 1012
 1.0266940451745379;Millis/File: 974
 1.0101010101010102;Millis/File: 990
 1.0256410256410255;Millis/File: 975
 0.9259259259259259;Millis/File: 1080
 0.9569377990430622;Millis/File: 1045
 0.9881422924901185;Millis/File: 1012
 0.975609756097561;Millis/File: 1025
 0.946969696969697;Millis/File: 1056
 0.9727626459143969;Millis/File: 1028
 0.983284169124877;Millis/File: 1017
 1.0050251256281406;Millis/File: 995
 1.0183299389002036;Millis/File: 982
 1.001001001001001;Millis/File: 999
 1.0266940451745379;Millis/File: 974
 1.0298661174047374;Millis/File: 971
 1.044932079414838;Millis/File: 957
 1.027749229188078;Millis/File: 973
 1.027749229188078;Millis/File: 973
 1.0131712259371835;Millis/File: 987
 1.0183299389002036;Millis/File: 982
 1.002004008016032;Millis/File: 998
 0.9823182711198428;Millis/File: 1018
 0.9920634920634921;Millis/File: 1008
 0.9950248756218906;Millis/File: 1005
 0.9460737937559129;Millis/File: 1057
 0.9514747859181731;Millis/File: 1051
 0.966183574879227;Millis/File: 1035
 0.9803921568627451;Millis/File: 1020
 0.9560229445506692;Millis/File: 1046
 0.9643201542912246;Millis/File: 1037
 0.9813542688910697;Millis/File: 1019
 0.9930486593843099;Millis/File: 1007
 0.9784735812133072;Millis/File: 1022
 0.9910802775024777;Millis/File: 1009
 1.0060362173038229;Millis/File: 994
 1.0214504596527068;Millis/File: 979
 1.0256410256410255;Millis/File: 975
 1.0131712259371835;Millis/File: 987
 1.0256410256410255;Millis/File: 975
 1.037344398340249;Millis/File: 964
 1.0266940451745379;Millis/File: 974
 1.0341261633919339;Millis/File: 967
 1.0482180293501049;Millis/File: 954
 1.0638297872340425;Millis/File: 940
 1.0309278350515463;Millis/File: 970
 1.0351966873706004;Millis/File: 966
 1.0384215991692627;Millis/File: 963
 1.017293997965412;Millis/File: 983
 1.0204081632653061;Millis/File: 980
 1.0330578512396693;Millis/File: 968
 1.0416666666666667;Millis/File: 960
 1.019367991845056;Millis/File: 981
 1.0245901639344261;Millis/File: 976
 1.0214504596527068;Millis/File: 979
 1.0341261633919339;Millis/File: 967
 1.0405827263267429;Millis/File: 961
 1.050420168067227;Millis/File: 952
 1.037344398340249;Millis/File: 964
 1.0438413361169103;Millis/File: 958
 1.0204081632653061;Millis/File: 980
 1.0319917440660475;Millis/File: 969
 1.0427528675703859;Millis/File: 959
 1.0493179433368311;Millis/File: 953
 1.0362694300518134;Millis/File: 965
 1.0482180293501049;Millis/File: 954
 1.053740779768177;Millis/File: 949
 1.0427528675703859;Millis/File: 959
 1.0416666666666667;Millis/File: 960
 1.0384215991692627;Millis/File: 963
 1.0438413361169103;Millis/File: 958
 1.0362694300518134;Millis/File: 965
 1.0362694300518134;Millis/File: 965
 1.0384215991692627;Millis/File: 963
 1.044932079414838;Millis/File: 957
 1.0460251046025104;Millis/File: 956
 1.0493179433368311;Millis/File: 953
 1.0593220338983051;Millis/File: 944
 1.0649627263045793;Millis/File: 939
 1.0526315789473684;Millis/File: 950
 1.0526315789473684;Millis/File: 950
 1.0615711252653928;Millis/File: 942
 1.0615711252653928;Millis/File: 942
 1.0706638115631693;Millis/File: 934
 1.0706638115631693;Millis/File: 934
 1.053740779768177;Millis/File: 949
 1.0582010582010581;Millis/File: 945
 1.0626992561105206;Millis/File: 941
 1.0526315789473684;Millis/File: 950
 1.0593220338983051;Millis/File: 944
 1.0604453870625663;Millis/File: 943
 1.0493179433368311;Millis/File: 953
 1.0515247108307044;Millis/File: 951
 1.0582010582010581;Millis/File: 945
 1.0582010582010581;Millis/File: 945
 1.0582010582010581;Millis/File: 945
 1.0626992561105206;Millis/File: 941
 1.0683760683760684;Millis/File: 936
 1.0615711252653928;Millis/File: 942
 1.0695187165775402;Millis/File: 935
 1.0582010582010581;Millis/File: 945
 1.0615711252653928;Millis/File: 942
 1.0570824524312896;Millis/File: 946
 1.0593220338983051;Millis/File: 944
 1.0593220338983051;Millis/File: 944
 1.0649627263045793;Millis/File: 939
 1.0672358591248665;Millis/File: 937
 1.0683760683760684;Millis/File: 936
 1.0593220338983051;Millis/File: 944
 1.0660980810234542;Millis/File: 938
 1.0638297872340425;Millis/File: 940
 1.0638297872340425;Millis/File: 940
 1.0649627263045793;Millis/File: 939
 1.0718113612004287;Millis/File: 933
 1.0787486515641855;Millis/File: 927
 1.0857763300760044;Millis/File: 921
 1.0775862068965518;Millis/File: 928
 1.0822510822510822;Millis/File: 924
 1.0893246187363834;Millis/File: 918
 1.0741138560687433;Millis/File: 931
 1.0764262648008611;Millis/File: 929
 1.0834236186348862;Millis/File: 923
 1.0822510822510822;Millis/File: 924
 1.0718113612004287;Millis/File: 933
 1.0683760683760684;Millis/File: 936
 1.0672358591248665;Millis/File: 937
 1.0672358591248665;Millis/File: 937
 1.0672358591248665;Millis/File: 937
 1.0729613733905579;Millis/File: 932
 1.0741138560687433;Millis/File: 931
 1.0775862068965518;Millis/File: 928
 1.0764262648008611;Millis/File: 929
 1.0741138560687433;Millis/File: 931
 1.0787486515641855;Millis/File: 927
 1.0764262648008611;Millis/File: 929
 1.0834236186348862;Millis/File: 923
 1.0845986984815619;Millis/File: 922
 1.079913606911447;Millis/File: 926
 1.0810810810810811;Millis/File: 925
 1.0822510822510822;Millis/File: 924
 1.0718113612004287;Millis/File: 933
 1.0718113612004287;Millis/File: 933
 1.0787486515641855;Millis/File: 927
 1.0741138560687433;Millis/File: 931
 1.079913606911447;Millis/File: 926
 1.0834236186348862;Millis/File: 923
 1.0822510822510822;Millis/File: 924
 1.0857763300760044;Millis/File: 921
 1.079913606911447;Millis/File: 926
 1.0822510822510822;Millis/File: 924
 1.0764262648008611;Millis/File: 929
 1.0810810810810811;Millis/File: 925
 1.0857763300760044;Millis/File: 921
 1.0822510822510822;Millis/File: 924
 1.0869565217391304;Millis/File: 920
 1.0822510822510822;Millis/File: 924
 1.088139281828074;Millis/File: 919
 1.0893246187363834;Millis/File: 918
 1.091703056768559;Millis/File: 916
 1.088139281828074;Millis/File: 919
 1.0869565217391304;Millis/File: 920
 1.0869565217391304;Millis/File: 920
 1.0893246187363834;Millis/File: 918
 1.079913606911447;Millis/File: 926
 1.0834236186348862;Millis/File: 923
 1.0893246187363834;Millis/File: 918
 1.079913606911447;Millis/File: 926
 1.0822510822510822;Millis/File: 924
 1.0869565217391304;Millis/File: 920
 1.079913606911447;Millis/File: 926
 1.0775862068965518;Millis/File: 928
 1.0775862068965518;Millis/File: 928
 1.0729613733905579;Millis/File: 932
 1.0775862068965518;Millis/File: 928
 1.079913606911447;Millis/File: 926
 1.079913606911447;Millis/File: 926
 1.075268817204301;Millis/File: 930
 1.079913606911447;Millis/File: 926
 1.0834236186348862;Millis/File: 923
 1.0775862068965518;Millis/File: 928
 1.0775862068965518;Millis/File: 928
 1.0660980810234542;Millis/File: 938
 1.0615711252653928;Millis/File: 942
 1.0649627263045793;Millis/File: 939
 1.0559662090813093;Millis/File: 947
 1.0593220338983051;Millis/File: 944
 1.0515247108307044;Millis/File: 951
 1.0548523206751055;Millis/File: 948
 1.0582010582010581;Millis/File: 945
 1.0548523206751055;Millis/File: 948
 1.0548523206751055;Millis/File: 948
 1.0515247108307044;Millis/File: 951
 1.044932079414838;Millis/File: 957
 1.0362694300518134;Millis/File: 965
 1.0330578512396693;Millis/File: 968
 1.0362694300518134;Millis/File: 965
 1.037344398340249;Millis/File: 964
 1.037344398340249;Millis/File: 964
 1.0384215991692627;Millis/File: 963
 1.0427528675703859;Millis/File: 959
 1.0341261633919339;Millis/File: 967
 1.0330578512396693;Millis/File: 968
 1.0362694300518134;Millis/File: 965
 1.0362694300518134;Millis/File: 965
 1.0351966873706004;Millis/File: 966
 1.0384215991692627;Millis/File: 963
 1.0395010395010396;Millis/File: 962
 1.0341261633919339;Millis/File: 967
 1.0384215991692627;Millis/File: 963
 1.0416666666666667;Millis/File: 960
 1.0427528675703859;Millis/File: 959
 1.0395010395010396;Millis/File: 962
 1.0438413361169103;Millis/File: 958
 1.0416666666666667;Millis/File: 960
 1.0362694300518134;Millis/File: 965
 1.0214504596527068;Millis/File: 979
 1.0235414534288638;Millis/File: 977
 1.027749229188078;Millis/File: 973
 1.0245901639344261;Millis/File: 976
 1.0266940451745379;Millis/File: 974
 1.0298661174047374;Millis/File: 971
 1.0330578512396693;Millis/File: 968
 1.0298661174047374;Millis/File: 971
 1.0298661174047374;Millis/File: 971
 1.02880658436214;Millis/File: 972
 1.02880658436214;Millis/File: 972
 1.027749229188078;Millis/File: 973
 1.0266940451745379;Millis/File: 974
 1.0256410256410255;Millis/File: 975
 1.02880658436214;Millis/File: 972
 1.0266940451745379;Millis/File: 974
 1.0235414534288638;Millis/File: 977
 1.0256410256410255;Millis/File: 975
 1.027749229188078;Millis/File: 973
 1.019367991845056;Millis/File: 981
 1.0235414534288638;Millis/File: 977
 1.027749229188078;Millis/File: 973
 1.027749229188078;Millis/File: 973
 1.0256410256410255;Millis/File: 975
 1.0266940451745379;Millis/File: 974
 1.0298661174047374;Millis/File: 971
 1.0309278350515463;Millis/File: 970
 1.0245901639344261;Millis/File: 976
 1.0183299389002036;Millis/File: 982
 1.0214504596527068;Millis/File: 979
 1.0214504596527068;Millis/File: 979
 1.016260162601626;Millis/File: 984
 1.017293997965412;Millis/File: 983
 1.0121457489878543;Millis/File: 988
 1.016260162601626;Millis/File: 984
 1.019367991845056;Millis/File: 981
 1.0204081632653061;Millis/File: 980
 1.0224948875255624;Millis/File: 978
 1.0141987829614605;Millis/File: 986
 1.017293997965412;Millis/File: 983
 1.0090817356205852;Millis/File: 991
 1.0090817356205852;Millis/File: 991
 1.0101010101010102;Millis/File: 990
 1.0080645161290323;Millis/File: 992
 1.0111223458038423;Millis/File: 989
 1.0111223458038423;Millis/File: 989
 1.0080645161290323;Millis/File: 992
 1.0101010101010102;Millis/File: 990
 1.0060362173038229;Millis/File: 994
 1.0090817356205852;Millis/File: 991
 1.0111223458038423;Millis/File: 989
 1.0141987829614605;Millis/File: 986
 1.017293997965412;Millis/File: 983
 1.015228426395939;Millis/File: 985
 1.0121457489878543;Millis/File: 988
 1.0121457489878543;Millis/File: 988
 1.015228426395939;Millis/File: 985
 1.015228426395939;Millis/File: 985
 1.015228426395939;Millis/File: 985
 1.017293997965412;Millis/File: 983
 1.0204081632653061;Millis/File: 980
 1.019367991845056;Millis/File: 981
 1.0224948875255624;Millis/File: 978
 1.0245901639344261;Millis/File: 976
 1.0256410256410255;Millis/File: 975
