 0.3171582619727244;Millis/File: 3153
 0.6207324643078833;Millis/File: 1611
 0.6993006993006993;Millis/File: 1430
 0.8481764206955047;Millis/File: 1179
 0.6949270326615705;Millis/File: 1439
 0.5973715651135006;Millis/File: 1674
 0.6402048655569782;Millis/File: 1562
 0.6854009595613434;Millis/File: 1459
 0.7558578987150416;Millis/File: 1323
 0.7256894049346879;Millis/File: 1378
 0.7849293563579278;Millis/File: 1274
 0.8445945945945946;Millis/File: 1184
 0.8703220191470844;Millis/File: 1149
 0.9074410163339383;Millis/File: 1102
 0.8944543828264758;Millis/File: 1118
 0.9541984732824428;Millis/File: 1048
 0.9624639076034649;Millis/File: 1039
 0.9624639076034649;Millis/File: 1039
 0.929368029739777;Millis/File: 1076
 0.949667616334283;Millis/File: 1053
 0.968054211035818;Millis/File: 1033
 0.9727626459143969;Millis/File: 1028
 0.9250693802035153;Millis/File: 1081
 0.9569377990430622;Millis/File: 1045
 0.9433962264150944;Millis/File: 1060
 0.9460737937559129;Millis/File: 1057
 0.949667616334283;Millis/File: 1053
 0.9380863039399625;Millis/File: 1066
 0.8703220191470844;Millis/File: 1149
 0.8802816901408451;Millis/File: 1136
 0.9082652134423251;Millis/File: 1101
 0.8810572687224669;Millis/File: 1135
 0.819672131147541;Millis/File: 1220
 0.8347245409015025;Millis/File: 1198
 0.835421888053467;Millis/File: 1197
 0.847457627118644;Millis/File: 1180
 0.8658008658008658;Millis/File: 1155
 0.8826125330979699;Millis/File: 1133
 0.8984725965858041;Millis/File: 1113
 0.8810572687224669;Millis/File: 1135
 0.9000900090009001;Millis/File: 1111
 0.8920606601248885;Millis/File: 1121
 0.9049773755656109;Millis/File: 1105
 0.9259259259259259;Millis/File: 1080
 0.9442870632672332;Millis/File: 1059
 0.9633911368015414;Millis/File: 1038
 0.9337068160597572;Millis/File: 1071
 0.9505703422053232;Millis/File: 1052
 0.9569377990430622;Millis/File: 1045
 0.9416195856873822;Millis/File: 1062
 0.9460737937559129;Millis/File: 1057
 0.9328358208955224;Millis/File: 1072
 0.942507068803016;Millis/File: 1061
 0.942507068803016;Millis/File: 1061
 0.9487666034155597;Millis/File: 1054
 0.9560229445506692;Millis/File: 1046
 0.9532888465204957;Millis/File: 1049
 0.9606147934678194;Millis/File: 1041
 0.9671179883945842;Millis/File: 1034
 0.968054211035818;Millis/File: 1033
 0.9775171065493646;Millis/File: 1023
 0.983284169124877;Millis/File: 1017
 0.9823182711198428;Millis/File: 1018
 0.9823182711198428;Millis/File: 1018
 0.9891196834817013;Millis/File: 1011
 0.9891196834817013;Millis/File: 1011
 0.9910802775024777;Millis/File: 1009
 0.9803921568627451;Millis/File: 1020
 0.9871668311944719;Millis/File: 1013
 0.9861932938856016;Millis/File: 1014
 0.9881422924901185;Millis/File: 1012
 0.9940357852882704;Millis/File: 1006
 1.0070493454179255;Millis/File: 993
 1.0121457489878543;Millis/File: 988
 1.0080645161290323;Millis/File: 992
 1.015228426395939;Millis/File: 985
 1.0266940451745379;Millis/File: 974
 1.015228426395939;Millis/File: 985
 1.0256410256410255;Millis/File: 975
 1.0351966873706004;Millis/File: 966
 1.0384215991692627;Millis/File: 963
 1.0141987829614605;Millis/File: 986
 1.0256410256410255;Millis/File: 975
 1.002004008016032;Millis/File: 998
 1.0111223458038423;Millis/File: 989
 1.017293997965412;Millis/File: 983
 1.015228426395939;Millis/File: 985
 0.9970089730807578;Millis/File: 1003
 1.0040160642570282;Millis/File: 996
 1.0121457489878543;Millis/File: 988
 1.0183299389002036;Millis/File: 982
 0.9930486593843099;Millis/File: 1007
 1.0040160642570282;Millis/File: 996
 1.0131712259371835;Millis/File: 987
 1.019367991845056;Millis/File: 981
 0.9852216748768473;Millis/File: 1015
 0.9900990099009901;Millis/File: 1010
 1.0;Millis/File: 1000
 0.9813542688910697;Millis/File: 1019
 0.9920634920634921;Millis/File: 1008
 0.9920634920634921;Millis/File: 1008
 0.984251968503937;Millis/File: 1016
 0.9891196834817013;Millis/File: 1011
 0.9900990099009901;Millis/File: 1010
 0.9900990099009901;Millis/File: 1010
 0.9960159362549801;Millis/File: 1004
 1.0040160642570282;Millis/File: 996
 1.0131712259371835;Millis/File: 987
 1.0080645161290323;Millis/File: 992
 1.0121457489878543;Millis/File: 988
 1.0183299389002036;Millis/File: 982
 1.0235414534288638;Millis/File: 977
 1.0298661174047374;Millis/File: 971
 1.02880658436214;Millis/File: 972
 1.0224948875255624;Millis/File: 978
 1.002004008016032;Millis/File: 998
 1.0101010101010102;Millis/File: 990
 1.017293997965412;Millis/File: 983
 1.001001001001001;Millis/File: 999
 0.9900990099009901;Millis/File: 1010
 0.9910802775024777;Millis/File: 1009
 0.9930486593843099;Millis/File: 1007
 0.9950248756218906;Millis/File: 1005
 0.9871668311944719;Millis/File: 1013
 0.9861932938856016;Millis/File: 1014
 0.9881422924901185;Millis/File: 1012
 0.9881422924901185;Millis/File: 1012
 0.9920634920634921;Millis/File: 1008
 0.9920634920634921;Millis/File: 1008
 0.9950248756218906;Millis/File: 1005
 0.9803921568627451;Millis/File: 1020
 0.984251968503937;Millis/File: 1016
 0.9861932938856016;Millis/File: 1014
 0.9871668311944719;Millis/File: 1013
 0.9775171065493646;Millis/File: 1023
 0.9737098344693281;Millis/File: 1027
 0.9803921568627451;Millis/File: 1020
 0.9727626459143969;Millis/File: 1028
 0.975609756097561;Millis/File: 1025
 0.9823182711198428;Millis/File: 1018
 0.9891196834817013;Millis/File: 1011
 0.9920634920634921;Millis/File: 1008
 0.9900990099009901;Millis/File: 1010
 0.9900990099009901;Millis/File: 1010
 0.9910802775024777;Millis/File: 1009
 0.9881422924901185;Millis/File: 1012
 0.9910802775024777;Millis/File: 1009
 0.9910802775024777;Millis/File: 1009
 0.9970089730807578;Millis/File: 1003
 1.0030090270812437;Millis/File: 997
 0.9970089730807578;Millis/File: 1003
 0.9920634920634921;Millis/File: 1008
 0.9920634920634921;Millis/File: 1008
 0.9960159362549801;Millis/File: 1004
 1.0;Millis/File: 1000
 0.999000999000999;Millis/File: 1001
 1.0040160642570282;Millis/File: 996
 1.002004008016032;Millis/File: 998
 1.0030090270812437;Millis/File: 997
 1.002004008016032;Millis/File: 998
 1.001001001001001;Millis/File: 999
 1.0050251256281406;Millis/File: 995
 1.0060362173038229;Millis/File: 994
 0.9970089730807578;Millis/File: 1003
 1.001001001001001;Millis/File: 999
 1.0070493454179255;Millis/File: 993
 1.001001001001001;Millis/File: 999
 1.0060362173038229;Millis/File: 994
 1.0101010101010102;Millis/File: 990
 1.0090817356205852;Millis/File: 991
 1.0111223458038423;Millis/File: 989
 1.016260162601626;Millis/File: 984
 1.0204081632653061;Millis/File: 980
 1.017293997965412;Millis/File: 983
 1.0204081632653061;Millis/File: 980
 1.017293997965412;Millis/File: 983
 1.019367991845056;Millis/File: 981
 1.0214504596527068;Millis/File: 979
 1.017293997965412;Millis/File: 983
 1.0214504596527068;Millis/File: 979
 1.019367991845056;Millis/File: 981
 1.0245901639344261;Millis/File: 976
 1.0266940451745379;Millis/File: 974
 1.0224948875255624;Millis/File: 978
 1.0214504596527068;Millis/File: 979
 1.027749229188078;Millis/File: 973
 1.017293997965412;Millis/File: 983
 1.0235414534288638;Millis/File: 977
 1.0183299389002036;Millis/File: 982
 1.0090817356205852;Millis/File: 991
 1.0090817356205852;Millis/File: 991
 1.0141987829614605;Millis/File: 986
 1.0070493454179255;Millis/File: 993
 1.0121457489878543;Millis/File: 988
 1.016260162601626;Millis/File: 984
 1.015228426395939;Millis/File: 985
 1.0204081632653061;Millis/File: 980
 1.0121457489878543;Millis/File: 988
 1.015228426395939;Millis/File: 985
 1.0101010101010102;Millis/File: 990
 1.0101010101010102;Millis/File: 990
 1.015228426395939;Millis/File: 985
 1.0121457489878543;Millis/File: 988
 1.016260162601626;Millis/File: 984
 1.016260162601626;Millis/File: 984
 1.0214504596527068;Millis/File: 979
 1.0131712259371835;Millis/File: 987
 1.0141987829614605;Millis/File: 986
 1.015228426395939;Millis/File: 985
 1.0204081632653061;Millis/File: 980
 1.016260162601626;Millis/File: 984
 1.0141987829614605;Millis/File: 986
 1.0040160642570282;Millis/File: 996
 1.0080645161290323;Millis/File: 992
 1.0101010101010102;Millis/File: 990
 1.015228426395939;Millis/File: 985
 1.0090817356205852;Millis/File: 991
 1.0121457489878543;Millis/File: 988
 1.0141987829614605;Millis/File: 986
 1.017293997965412;Millis/File: 983
 1.0101010101010102;Millis/File: 990
 1.0121457489878543;Millis/File: 988
 1.0141987829614605;Millis/File: 986
 1.0131712259371835;Millis/File: 987
 1.0131712259371835;Millis/File: 987
 1.017293997965412;Millis/File: 983
 1.0214504596527068;Millis/File: 979
 1.0214504596527068;Millis/File: 979
 1.0245901639344261;Millis/File: 976
 1.0214504596527068;Millis/File: 979
 1.0214504596527068;Millis/File: 979
 1.0256410256410255;Millis/File: 975
 1.019367991845056;Millis/File: 981
 1.0214504596527068;Millis/File: 979
 1.0204081632653061;Millis/File: 980
 1.0245901639344261;Millis/File: 976
 1.0224948875255624;Millis/File: 978
 1.0235414534288638;Millis/File: 977
 1.0245901639344261;Millis/File: 976
 1.0245901639344261;Millis/File: 976
 1.0256410256410255;Millis/File: 975
 1.0298661174047374;Millis/File: 971
 1.0204081632653061;Millis/File: 980
 1.0214504596527068;Millis/File: 979
 1.0245901639344261;Millis/File: 976
 1.0183299389002036;Millis/File: 982
 1.019367991845056;Millis/File: 981
 1.0204081632653061;Millis/File: 980
 1.017293997965412;Millis/File: 983
 1.0204081632653061;Millis/File: 980
 1.0224948875255624;Millis/File: 978
 1.017293997965412;Millis/File: 983
 1.0131712259371835;Millis/File: 987
 1.0141987829614605;Millis/File: 986
 1.0131712259371835;Millis/File: 987
 1.0090817356205852;Millis/File: 991
 1.0090817356205852;Millis/File: 991
 1.0111223458038423;Millis/File: 989
 1.0070493454179255;Millis/File: 993
 1.0070493454179255;Millis/File: 993
 1.0111223458038423;Millis/File: 989
 1.0090817356205852;Millis/File: 991
 1.0090817356205852;Millis/File: 991
 1.0111223458038423;Millis/File: 989
 1.0131712259371835;Millis/File: 987
 1.015228426395939;Millis/File: 985
 1.0183299389002036;Millis/File: 982
 1.015228426395939;Millis/File: 985
 1.0183299389002036;Millis/File: 982
 1.0204081632653061;Millis/File: 980
 1.0224948875255624;Millis/File: 978
 1.016260162601626;Millis/File: 984
 1.019367991845056;Millis/File: 981
 1.019367991845056;Millis/File: 981
 1.016260162601626;Millis/File: 984
 1.0183299389002036;Millis/File: 982
 1.019367991845056;Millis/File: 981
 1.0204081632653061;Millis/File: 980
 1.015228426395939;Millis/File: 985
 1.0183299389002036;Millis/File: 982
 1.0183299389002036;Millis/File: 982
 1.017293997965412;Millis/File: 983
 1.017293997965412;Millis/File: 983
 1.019367991845056;Millis/File: 981
 1.0224948875255624;Millis/File: 978
 1.0214504596527068;Millis/File: 979
 1.019367991845056;Millis/File: 981
 1.0183299389002036;Millis/File: 982
 1.019367991845056;Millis/File: 981
 1.0214504596527068;Millis/File: 979
 1.0245901639344261;Millis/File: 976
 1.0235414534288638;Millis/File: 977
 1.0266940451745379;Millis/File: 974
 1.0266940451745379;Millis/File: 974
 1.0256410256410255;Millis/File: 975
 1.02880658436214;Millis/File: 972
 1.0298661174047374;Millis/File: 971
 1.0245901639344261;Millis/File: 976
 1.027749229188078;Millis/File: 973
 1.0298661174047374;Millis/File: 971
 1.0245901639344261;Millis/File: 976
 1.0256410256410255;Millis/File: 975
 1.019367991845056;Millis/File: 981
 1.0204081632653061;Millis/File: 980
 1.0214504596527068;Millis/File: 979
