 0.19443904335990667;Millis/File: 5143
 0.3883495145631068;Millis/File: 2575
 0.4870920603994155;Millis/File: 2053
 0.44033465433729635;Millis/File: 2271
 0.4889975550122249;Millis/File: 2045
 0.5865102639296188;Millis/File: 1705
 0.683526999316473;Millis/File: 1463
 0.6397952655150352;Millis/File: 1563
 0.6788866259334692;Millis/File: 1473
 0.6345177664974619;Millis/File: 1576
 0.6333122229259025;Millis/File: 1579
 0.6472491909385113;Millis/File: 1545
 0.6944444444444444;Millis/File: 1440
 0.7342143906020558;Millis/File: 1362
 0.7288629737609329;Millis/File: 1372
 0.7374631268436578;Millis/File: 1356
 0.7598784194528876;Millis/File: 1316
 0.7993605115907274;Millis/File: 1251
 0.8071025020177562;Millis/File: 1239
 0.7535795026375283;Millis/File: 1327
 0.7892659826361483;Millis/File: 1267
 0.779423226812159;Millis/File: 1283
 0.7800312012480499;Millis/File: 1282
 0.7651109410864575;Millis/File: 1307
 0.7843137254901961;Millis/File: 1275
 0.7722007722007722;Millis/File: 1295
 0.7855459544383346;Millis/File: 1273
 0.8143322475570033;Millis/File: 1228
 0.8077544426494345;Millis/File: 1238
 0.8244023083264633;Millis/File: 1213
 0.832639467110741;Millis/File: 1201
 0.8396305625524769;Millis/File: 1191
 0.8257638315441783;Millis/File: 1211
 0.819000819000819;Millis/File: 1221
 0.8071025020177562;Millis/File: 1239
 0.8291873963515755;Millis/File: 1206
 0.8488964346349746;Millis/File: 1178
 0.8361204013377926;Millis/File: 1196
 0.8333333333333334;Millis/File: 1200
 0.8453085376162299;Millis/File: 1183
 0.8554319931565441;Millis/File: 1169
 0.8340283569641368;Millis/File: 1199
 0.8382229673093042;Millis/File: 1193
 0.8576329331046312;Millis/File: 1166
 0.8726003490401396;Millis/File: 1146
 0.8865248226950354;Millis/File: 1128
 0.8748906386701663;Millis/File: 1143
 0.8920606601248885;Millis/File: 1121
 0.8250825082508251;Millis/File: 1212
 0.8347245409015025;Millis/File: 1198
 0.8389261744966443;Millis/File: 1192
 0.8496176720475785;Millis/File: 1177
 0.8635578583765112;Millis/File: 1158
 0.8591065292096219;Millis/File: 1164
 0.8688097306689835;Millis/File: 1151
 0.8710801393728222;Millis/File: 1148
 0.8591065292096219;Millis/File: 1164
 0.8467400508044031;Millis/File: 1181
 0.8285004142502072;Millis/File: 1207
 0.8389261744966443;Millis/File: 1192
 0.831946755407654;Millis/File: 1202
 0.8340283569641368;Millis/File: 1199
 0.8467400508044031;Millis/File: 1181
 0.8503401360544217;Millis/File: 1176
 0.856898029134533;Millis/File: 1167
 0.8503401360544217;Millis/File: 1176
 0.8583690987124464;Millis/File: 1165
 0.8665511265164645;Millis/File: 1154
 0.8787346221441125;Millis/File: 1138
 0.8748906386701663;Millis/File: 1143
 0.8849557522123894;Millis/File: 1130
 0.8912655971479501;Millis/File: 1122
 0.8896797153024911;Millis/File: 1124
 0.8896797153024911;Millis/File: 1124
 0.8896797153024911;Millis/File: 1124
 0.8904719501335708;Millis/File: 1123
 0.8920606601248885;Millis/File: 1121
 0.8944543828264758;Millis/File: 1118
 0.8952551477170994;Millis/File: 1117
 0.9041591320072333;Millis/File: 1106
 0.91324200913242;Millis/File: 1095
 0.9057971014492754;Millis/File: 1104
 0.9115770282588879;Millis/File: 1097
 0.9174311926605505;Millis/File: 1090
 0.9149130832570905;Millis/File: 1093
 0.916590284142988;Millis/File: 1091
 0.9276437847866419;Millis/File: 1078
 0.931098696461825;Millis/File: 1074
 0.9242144177449169;Millis/File: 1082
 0.9276437847866419;Millis/File: 1078
 0.9328358208955224;Millis/File: 1072
 0.9208103130755064;Millis/File: 1086
 0.9285051067780873;Millis/File: 1077
 0.9302325581395349;Millis/File: 1075
 0.9363295880149812;Millis/File: 1068
 0.9380863039399625;Millis/File: 1066
 0.9478672985781991;Millis/File: 1055
 0.9523809523809523;Millis/File: 1050
 0.9389671361502347;Millis/File: 1065
 0.9478672985781991;Millis/File: 1055
 0.9523809523809523;Millis/File: 1050
 0.9578544061302682;Millis/File: 1044
 0.9624639076034649;Millis/File: 1039
 0.9569377990430622;Millis/File: 1045
 0.9624639076034649;Millis/File: 1039
 0.970873786407767;Millis/File: 1030
 0.9560229445506692;Millis/File: 1046
 0.9587727708533078;Millis/File: 1043
 0.9643201542912246;Millis/File: 1037
 0.9569377990430622;Millis/File: 1045
 0.9578544061302682;Millis/File: 1044
 0.9596928982725528;Millis/File: 1042
 0.968054211035818;Millis/File: 1033
 0.970873786407767;Millis/File: 1030
 0.9784735812133072;Millis/File: 1022
 0.983284169124877;Millis/File: 1017
 0.983284169124877;Millis/File: 1017
 0.9891196834817013;Millis/File: 1011
 0.9940357852882704;Millis/File: 1006
 0.9950248756218906;Millis/File: 1005
 0.9970089730807578;Millis/File: 1003
 0.9970089730807578;Millis/File: 1003
 0.9950248756218906;Millis/File: 1005
 0.9960159362549801;Millis/File: 1004
 0.9940357852882704;Millis/File: 1006
 0.984251968503937;Millis/File: 1016
 0.9871668311944719;Millis/File: 1013
 0.9920634920634921;Millis/File: 1008
 0.9920634920634921;Millis/File: 1008
 0.9881422924901185;Millis/File: 1012
 0.9940357852882704;Millis/File: 1006
 0.999000999000999;Millis/File: 1001
 0.9940357852882704;Millis/File: 1006
 0.999000999000999;Millis/File: 1001
 1.0060362173038229;Millis/File: 994
 1.0131712259371835;Millis/File: 987
 1.0121457489878543;Millis/File: 988
 1.0090817356205852;Millis/File: 991
 1.0111223458038423;Millis/File: 989
 1.0080645161290323;Millis/File: 992
 1.001001001001001;Millis/File: 999
 0.998003992015968;Millis/File: 1002
 0.998003992015968;Millis/File: 1002
 1.0050251256281406;Millis/File: 995
 1.0040160642570282;Millis/File: 996
 1.0090817356205852;Millis/File: 991
 1.0090817356205852;Millis/File: 991
 1.0080645161290323;Millis/File: 992
 1.015228426395939;Millis/File: 985
 1.0183299389002036;Millis/File: 982
 1.017293997965412;Millis/File: 983
 1.0141987829614605;Millis/File: 986
 0.9970089730807578;Millis/File: 1003
 0.9950248756218906;Millis/File: 1005
 0.999000999000999;Millis/File: 1001
 1.0040160642570282;Millis/File: 996
 1.0070493454179255;Millis/File: 993
 1.0090817356205852;Millis/File: 991
 1.0050251256281406;Millis/File: 995
 1.0060362173038229;Millis/File: 994
 1.0030090270812437;Millis/File: 997
 1.0030090270812437;Millis/File: 997
 0.9891196834817013;Millis/File: 1011
 0.9950248756218906;Millis/File: 1005
 0.9910802775024777;Millis/File: 1009
 0.9950248756218906;Millis/File: 1005
 0.9940357852882704;Millis/File: 1006
 0.9960159362549801;Millis/File: 1004
 0.9871668311944719;Millis/File: 1013
 0.9920634920634921;Millis/File: 1008
 0.9920634920634921;Millis/File: 1008
 0.9861932938856016;Millis/File: 1014
 0.9881422924901185;Millis/File: 1012
 0.9861932938856016;Millis/File: 1014
 0.9881422924901185;Millis/File: 1012
 0.9900990099009901;Millis/File: 1010
 0.9871668311944719;Millis/File: 1013
 0.9891196834817013;Millis/File: 1011
 0.9861932938856016;Millis/File: 1014
 0.9861932938856016;Millis/File: 1014
 0.9891196834817013;Millis/File: 1011
 0.9823182711198428;Millis/File: 1018
 0.9861932938856016;Millis/File: 1014
 0.9891196834817013;Millis/File: 1011
 0.984251968503937;Millis/File: 1016
 0.9852216748768473;Millis/File: 1015
 0.9871668311944719;Millis/File: 1013
 0.9823182711198428;Millis/File: 1018
 0.9852216748768473;Millis/File: 1015
 0.9823182711198428;Millis/File: 1018
 0.9852216748768473;Millis/File: 1015
 0.9861932938856016;Millis/File: 1014
 0.9881422924901185;Millis/File: 1012
 0.9920634920634921;Millis/File: 1008
 0.9920634920634921;Millis/File: 1008
 0.9910802775024777;Millis/File: 1009
 0.9803921568627451;Millis/File: 1020
 0.9794319294809011;Millis/File: 1021
 0.9823182711198428;Millis/File: 1018
 0.9823182711198428;Millis/File: 1018
 0.9861932938856016;Millis/File: 1014
 0.9823182711198428;Millis/File: 1018
 0.9861932938856016;Millis/File: 1014
 0.9900990099009901;Millis/File: 1010
 0.9871668311944719;Millis/File: 1013
 0.9737098344693281;Millis/File: 1027
 0.9727626459143969;Millis/File: 1028
 0.9727626459143969;Millis/File: 1028
 0.9699321047526673;Millis/File: 1031
 0.9699321047526673;Millis/File: 1031
 0.9689922480620154;Millis/File: 1032
 0.9633911368015414;Millis/File: 1038
 0.968054211035818;Millis/File: 1033
 0.9624639076034649;Millis/File: 1039
 0.9643201542912246;Millis/File: 1037
 0.9689922480620154;Millis/File: 1032
 0.9606147934678194;Millis/File: 1041
 0.9624639076034649;Millis/File: 1039
 0.9606147934678194;Millis/File: 1041
 0.9606147934678194;Millis/File: 1041
 0.9606147934678194;Millis/File: 1041
 0.9606147934678194;Millis/File: 1041
 0.9606147934678194;Millis/File: 1041
 0.9606147934678194;Millis/File: 1041
 0.9624639076034649;Millis/File: 1039
 0.9652509652509652;Millis/File: 1036
 0.9671179883945842;Millis/File: 1034
 0.9689922480620154;Millis/File: 1032
 0.970873786407767;Millis/File: 1030
 0.9699321047526673;Millis/File: 1031
 0.9727626459143969;Millis/File: 1028
 0.975609756097561;Millis/File: 1025
 0.9775171065493646;Millis/File: 1023
 0.975609756097561;Millis/File: 1025
 0.975609756097561;Millis/File: 1025
 0.9727626459143969;Millis/File: 1028
 0.9775171065493646;Millis/File: 1023
 0.9699321047526673;Millis/File: 1031
 0.9718172983479106;Millis/File: 1029
 0.9737098344693281;Millis/File: 1027
 0.975609756097561;Millis/File: 1025
 0.966183574879227;Millis/File: 1035
 0.9699321047526673;Millis/File: 1031
 0.9699321047526673;Millis/File: 1031
 0.9643201542912246;Millis/File: 1037
 0.9689922480620154;Millis/File: 1032
 0.9699321047526673;Millis/File: 1031
 0.9737098344693281;Millis/File: 1027
 0.9699321047526673;Millis/File: 1031
 0.9671179883945842;Millis/File: 1034
 0.970873786407767;Millis/File: 1030
 0.970873786407767;Millis/File: 1030
 0.9671179883945842;Millis/File: 1034
 0.970873786407767;Millis/File: 1030
 0.9737098344693281;Millis/File: 1027
 0.9775171065493646;Millis/File: 1023
 0.970873786407767;Millis/File: 1030
 0.9746588693957114;Millis/File: 1026
 0.9765625;Millis/File: 1024
 0.9794319294809011;Millis/File: 1021
 0.975609756097561;Millis/File: 1025
 0.9775171065493646;Millis/File: 1023
 0.968054211035818;Millis/File: 1033
 0.9699321047526673;Millis/File: 1031
 0.9737098344693281;Millis/File: 1027
 0.968054211035818;Millis/File: 1033
 0.970873786407767;Millis/File: 1030
 0.9746588693957114;Millis/File: 1026
 0.975609756097561;Millis/File: 1025
 0.9775171065493646;Millis/File: 1023
 0.975609756097561;Millis/File: 1025
 0.9794319294809011;Millis/File: 1021
 0.9813542688910697;Millis/File: 1019
 0.9746588693957114;Millis/File: 1026
 0.9746588693957114;Millis/File: 1026
 0.9775171065493646;Millis/File: 1023
 0.9737098344693281;Millis/File: 1027
 0.9737098344693281;Millis/File: 1027
 0.968054211035818;Millis/File: 1033
 0.9718172983479106;Millis/File: 1029
 0.9718172983479106;Millis/File: 1029
 0.9727626459143969;Millis/File: 1028
 0.970873786407767;Millis/File: 1030
 0.970873786407767;Millis/File: 1030
