This is pdfTeX, Version 3.14159265-2.6-1.40.16 (TeX Live 2015/Debian) (preloaded format=latex 2017.11.20)  1 DEC 2017 16:36
entering extended mode
 restricted \write18 enabled.
 %&-line parsing enabled.
**bibliografia.tex
(./bibliografia.tex
LaTeX2e <2016/02/01>
Babel <3.9q> and hyphenation patterns for 81 language(s) loaded.

! LaTeX Error: Environment thebibliography undefined.

See the LaTeX manual or LaTeX Companion for explanation.
Type  H <return>  for immediate help.
 ...                                              
                                                  
l.1 \begin{thebibliography}
                           {99}
Your command was ignored.
Type  I <command> <return>  to replace it with another command,
or  <return>  to continue without it.


! LaTeX Error: Missing \begin{document}.

See the LaTeX manual or LaTeX Companion for explanation.
Type  H <return>  for immediate help.
 ...                                              
                                                  
l.1 \begin{thebibliography}{9
                             9}
You're in trouble here.  Try typing  <return>  to proceed.
If that doesn't work, type  X <return>  to quit.

Missing character: There is no 9 in font nullfont!
Missing character: There is no 9 in font nullfont!

Overfull \hbox (20.0pt too wide) in paragraph at lines 1--2
[] 
 []


! LaTeX Error: Lonely \item--perhaps a missing list environment.

See the LaTeX manual or LaTeX Companion for explanation.
Type  H <return>  for immediate help.
 ...                                              
                                                  
l.3 \bibitem{etichetta1}
                        {Techopedia - \emph{Definition - What does Clusterin...

Try typing  <return>  to proceed.
If that doesn't work, type  X <return>  to quit.

! Undefined control sequence.
<argument> \@listctr 
                     
l.3 \bibitem{etichetta1}
                        {Techopedia - \emph{Definition - What does Clusterin...
The control sequence at the end of the top line
of your error message was never \def'ed. If you have
misspelled it (e.g., `\hobx'), type `I' and the correct
spelling (e.g., `I\hbox'). Otherwise just continue,
and I'll forget about whatever was undefined.

! You can't use `\relax' after \the.
<recently read> \c@ 
                    
l.3 \bibitem{etichetta1}
                        {Techopedia - \emph{Definition - What does Clusterin...
I'm forgetting what you said and using zero instead.

\bibcite{etichetta1}{0}
Missing character: There is no T in font nullfont!
Missing character: There is no e in font nullfont!
Missing character: There is no c in font nullfont!
Missing character: There is no h in font nullfont!
Missing character: There is no o in font nullfont!
Missing character: There is no p in font nullfont!
Missing character: There is no e in font nullfont!
Missing character: There is no d in font nullfont!
Missing character: There is no i in font nullfont!
Missing character: There is no a in font nullfont!
Missing character: There is no - in font nullfont!

Overfull \hbox (18.7943pt too wide) in paragraph at lines 3--5
\OT1/cmr/m/it/10 Def-
 []


Overfull \hbox (6.6444pt too wide) in paragraph at lines 3--5
\OT1/cmr/m/it/10 i-
 []


Overfull \hbox (12.26659pt too wide) in paragraph at lines 3--5
\OT1/cmr/m/it/10 ni-
 []


Overfull \hbox (17.12212pt too wide) in paragraph at lines 3--5
\OT1/cmr/m/it/10 tion
 []


Overfull \hbox (3.57774pt too wide) in paragraph at lines 3--5
\OT1/cmr/m/it/10 -
 []


Overfull \hbox (23.53319pt too wide) in paragraph at lines 3--5
\OT1/cmr/m/it/10 What
 []


Overfull \hbox (18.39987pt too wide) in paragraph at lines 3--5
\OT1/cmr/m/it/10 does
 []


Overfull \hbox (22.7443pt too wide) in paragraph at lines 3--5
\OT1/cmr/m/it/10 Clus-
 []


Overfull \hbox (15.71652pt too wide) in paragraph at lines 3--5
\OT1/cmr/m/it/10 ter-
 []


Overfull \hbox (13.2888pt too wide) in paragraph at lines 3--5
\OT1/cmr/m/it/10 ing
 []


Overfull \hbox (29.33592pt too wide) in paragraph at lines 3--5
\OT1/cmr/m/it/10 mean? 
 []


! LaTeX Error: Lonely \item--perhaps a missing list environment.

See the LaTeX manual or LaTeX Companion for explanation.
Type  H <return>  for immediate help.
 ...                                              
                                                  
l.6 \bibitem{etichetta2}
                        {Techopedia - \emph{Techopedia explains Clustering}}
Try typing  <return>  to proceed.
If that doesn't work, type  X <return>  to quit.

! Undefined control sequence.
<argument> \@listctr 
                     
l.6 \bibitem{etichetta2}
                        {Techopedia - \emph{Techopedia explains Clustering}}
The control sequence at the end of the top line
of your error message was never \def'ed. If you have
misspelled it (e.g., `\hobx'), type `I' and the correct
spelling (e.g., `I\hbox'). Otherwise just continue,
and I'll forget about whatever was undefined.

! You can't use `\relax' after \the.
<recently read> \c@ 
                    
l.6 \bibitem{etichetta2}
                        {Techopedia - \emph{Techopedia explains Clustering}}
I'm forgetting what you said and using zero instead.

\bibcite{etichetta2}{0}
Missing character: There is no T in font nullfont!
Missing character: There is no e in font nullfont!
Missing character: There is no c in font nullfont!
Missing character: There is no h in font nullfont!
Missing character: There is no o in font nullfont!
Missing character: There is no p in font nullfont!
Missing character: There is no e in font nullfont!
Missing character: There is no d in font nullfont!
Missing character: There is no i in font nullfont!
Missing character: There is no a in font nullfont!
Missing character: There is no - in font nullfont!

Overfull \hbox (28.87755pt too wide) in paragraph at lines 6--8
\OT1/cmr/m/it/10 Techo-
 []


Overfull \hbox (12.77766pt too wide) in paragraph at lines 6--8
\OT1/cmr/m/it/10 pe-
 []


Overfull \hbox (13.28882pt too wide) in paragraph at lines 6--8
\OT1/cmr/m/it/10 dia
 []


Overfull \hbox (12.81657pt too wide) in paragraph at lines 6--8
\OT1/cmr/m/it/10 ex-
 []


Overfull \hbox (25.55542pt too wide) in paragraph at lines 6--8
\OT1/cmr/m/it/10 plains
 []


Overfull \hbox (22.7443pt too wide) in paragraph at lines 6--8
\OT1/cmr/m/it/10 Clus-
 []


Overfull \hbox (15.71652pt too wide) in paragraph at lines 6--8
\OT1/cmr/m/it/10 ter-
 []


Overfull \hbox (14.17352pt too wide) in paragraph at lines 6--8
\OT1/cmr/m/it/10 ing 
 []


! LaTeX Error: Lonely \item--perhaps a missing list environment.

See the LaTeX manual or LaTeX Companion for explanation.
Type  H <return>  for immediate help.
 ...                                              
                                                  
l.9 \bibitem{etichetta5}
                        {Wikipedia, the free encyclopedia - \emph{Shared not...

Try typing  <return>  to proceed.
If that doesn't work, type  X <return>  to quit.

! Undefined control sequence.
<argument> \@listctr 
                     
l.9 \bibitem{etichetta5}
                        {Wikipedia, the free encyclopedia - \emph{Shared not...
The control sequence at the end of the top line
of your error message was never \def'ed. If you have
misspelled it (e.g., `\hobx'), type `I' and the correct
spelling (e.g., `I\hbox'). Otherwise just continue,
and I'll forget about whatever was undefined.

! You can't use `\relax' after \the.
<recently read> \c@ 
                    
l.9 \bibitem{etichetta5}
                        {Wikipedia, the free encyclopedia - \emph{Shared not...
I'm forgetting what you said and using zero instead.

\bibcite{etichetta5}{0}
Missing character: There is no W in font nullfont!
Missing character: There is no i in font nullfont!
Missing character: There is no k in font nullfont!
Missing character: There is no i in font nullfont!
Missing character: There is no p in font nullfont!
Missing character: There is no e in font nullfont!
Missing character: There is no d in font nullfont!
Missing character: There is no i in font nullfont!
Missing character: There is no a in font nullfont!
Missing character: There is no , in font nullfont!
Missing character: There is no t in font nullfont!
Missing character: There is no h in font nullfont!
Missing character: There is no e in font nullfont!
Missing character: There is no f in font nullfont!
Missing character: There is no r in font nullfont!
Missing character: There is no e in font nullfont!
Missing character: There is no e in font nullfont!
Missing character: There is no e in font nullfont!
Missing character: There is no n in font nullfont!
Missing character: There is no c in font nullfont!
Missing character: There is no y in font nullfont!
Missing character: There is no c in font nullfont!
Missing character: There is no l in font nullfont!
Missing character: There is no o in font nullfont!
Missing character: There is no p in font nullfont!
Missing character: There is no e in font nullfont!
Missing character: There is no d in font nullfont!
Missing character: There is no i in font nullfont!
Missing character: There is no a in font nullfont!
Missing character: There is no - in font nullfont!

Overfull \hbox (28.74979pt too wide) in paragraph at lines 9--10
\OT1/cmr/m/it/10 Shared
 []


Overfull \hbox (22.7443pt too wide) in paragraph at lines 9--10
\OT1/cmr/m/it/10 noth-
 []


Overfull \hbox (13.2888pt too wide) in paragraph at lines 9--10
\OT1/cmr/m/it/10 ing
 []


Overfull \hbox (12.90546pt too wide) in paragraph at lines 9--10
\OT1/cmr/m/it/10 ar-
 []


Overfull \hbox (16.35544pt too wide) in paragraph at lines 9--10
\OT1/cmr/m/it/10 chi-
 []


Overfull \hbox (15.58873pt too wide) in paragraph at lines 9--10
\OT1/cmr/m/it/10 tec-
 []


Overfull \hbox (17.74568pt too wide) in paragraph at lines 9--10
\OT1/cmr/m/it/10 ture 
 []


! LaTeX Error: Lonely \item--perhaps a missing list environment.

See the LaTeX manual or LaTeX Companion for explanation.
Type  H <return>  for immediate help.
 ...                                              
                                                  
l.11 \bibitem{etichetta7}
                         {Wikipedia, the free encyclopedia - \emph{Shared di...

Try typing  <return>  to proceed.
If that doesn't work, type  X <return>  to quit.

! Undefined control sequence.
<argument> \@listctr 
                     
l.11 \bibitem{etichetta7}
                         {Wikipedia, the free encyclopedia - \emph{Shared di...
The control sequence at the end of the top line
of your error message was never \def'ed. If you have
misspelled it (e.g., `\hobx'), type `I' and the correct
spelling (e.g., `I\hbox'). Otherwise just continue,
and I'll forget about whatever was undefined.

! You can't use `\relax' after \the.
<recently read> \c@ 
                    
l.11 \bibitem{etichetta7}
                         {Wikipedia, the free encyclopedia - \emph{Shared di...
I'm forgetting what you said and using zero instead.

\bibcite{etichetta7}{0}
Missing character: There is no W in font nullfont!
Missing character: There is no i in font nullfont!
Missing character: There is no k in font nullfont!
Missing character: There is no i in font nullfont!
Missing character: There is no p in font nullfont!
Missing character: There is no e in font nullfont!
Missing character: There is no d in font nullfont!
Missing character: There is no i in font nullfont!
Missing character: There is no a in font nullfont!
Missing character: There is no , in font nullfont!
Missing character: There is no t in font nullfont!
Missing character: There is no h in font nullfont!
Missing character: There is no e in font nullfont!
Missing character: There is no f in font nullfont!
Missing character: There is no r in font nullfont!
Missing character: There is no e in font nullfont!
Missing character: There is no e in font nullfont!
Missing character: There is no e in font nullfont!
Missing character: There is no n in font nullfont!
Missing character: There is no c in font nullfont!
Missing character: There is no y in font nullfont!
Missing character: There is no c in font nullfont!
Missing character: There is no l in font nullfont!
Missing character: There is no o in font nullfont!
Missing character: There is no p in font nullfont!
Missing character: There is no e in font nullfont!
Missing character: There is no d in font nullfont!
Missing character: There is no i in font nullfont!
Missing character: There is no a in font nullfont!
Missing character: There is no - in font nullfont!

Overfull \hbox (28.74979pt too wide) in paragraph at lines 11--12
\OT1/cmr/m/it/10 Shared
 []


Overfull \hbox (16.86656pt too wide) in paragraph at lines 11--12
\OT1/cmr/m/it/10 disk
 []


Overfull \hbox (12.90546pt too wide) in paragraph at lines 11--12
\OT1/cmr/m/it/10 ar-
 []


Overfull \hbox (16.35544pt too wide) in paragraph at lines 11--12
\OT1/cmr/m/it/10 chi-
 []


Overfull \hbox (15.58873pt too wide) in paragraph at lines 11--12
\OT1/cmr/m/it/10 tec-
 []


Overfull \hbox (17.74568pt too wide) in paragraph at lines 11--12
\OT1/cmr/m/it/10 ture 
 []


! LaTeX Error: Lonely \item--perhaps a missing list environment.

See the LaTeX manual or LaTeX Companion for explanation.
Type  H <return>  for immediate help.
 ...                                              
                                                  
l.13 \bibitem{etichetta6}
                         {Dave Wright - \emph{The Advantages of a Shared Not...

Try typing  <return>  to proceed.
If that doesn't work, type  X <return>  to quit.

! Undefined control sequence.
<argument> \@listctr 
                     
l.13 \bibitem{etichetta6}
                         {Dave Wright - \emph{The Advantages of a Shared Not...
The control sequence at the end of the top line
of your error message was never \def'ed. If you have
misspelled it (e.g., `\hobx'), type `I' and the correct
spelling (e.g., `I\hbox'). Otherwise just continue,
and I'll forget about whatever was undefined.

! You can't use `\relax' after \the.
<recently read> \c@ 
                    
l.13 \bibitem{etichetta6}
                         {Dave Wright - \emph{The Advantages of a Shared Not...
I'm forgetting what you said and using zero instead.

\bibcite{etichetta6}{0}
Missing character: There is no D in font nullfont!
Missing character: There is no a in font nullfont!
Missing character: There is no v in font nullfont!
Missing character: There is no e in font nullfont!
Missing character: There is no W in font nullfont!
Missing character: There is no r in font nullfont!
Missing character: There is no i in font nullfont!
Missing character: There is no g in font nullfont!
Missing character: There is no h in font nullfont!
Missing character: There is no t in font nullfont!
Missing character: There is no - in font nullfont!

Overfull \hbox (16.86655pt too wide) in paragraph at lines 13--14
\OT1/cmr/m/it/10 The
 []


Overfull \hbox (15.611pt too wide) in paragraph at lines 13--14
\OT1/cmr/m/it/10 Ad-
 []


Overfull \hbox (18.91098pt too wide) in paragraph at lines 13--14
\OT1/cmr/m/it/10 van-
 []


Overfull \hbox (21.72206pt too wide) in paragraph at lines 13--14
\OT1/cmr/m/it/10 tages
 []


Overfull \hbox (8.17773pt too wide) in paragraph at lines 13--14
\OT1/cmr/m/it/10 of
 []


Overfull \hbox (5.11108pt too wide) in paragraph at lines 13--14
\OT1/cmr/m/it/10 a
 []


Overfull \hbox (28.74979pt too wide) in paragraph at lines 13--14
\OT1/cmr/m/it/10 Shared
 []


Overfull \hbox (24.55539pt too wide) in paragraph at lines 13--14
\OT1/cmr/m/it/10 Noth-
 []


Overfull \hbox (13.2888pt too wide) in paragraph at lines 13--14
\OT1/cmr/m/it/10 ing
 []


Overfull \hbox (14.97209pt too wide) in paragraph at lines 13--14
\OT1/cmr/m/it/10 Ar-
 []


Overfull \hbox (16.35544pt too wide) in paragraph at lines 13--14
\OT1/cmr/m/it/10 chi-
 []


Overfull \hbox (15.58873pt too wide) in paragraph at lines 13--14
\OT1/cmr/m/it/10 tec-
 []


Overfull \hbox (16.9943pt too wide) in paragraph at lines 13--14
\OT1/cmr/m/it/10 ture
 []


Overfull \hbox (12.39436pt too wide) in paragraph at lines 13--14
\OT1/cmr/m/it/10 for
 []


Overfull \hbox (23.38316pt too wide) in paragraph at lines 13--14
\OT1/cmr/m/it/10 Truly
 []


Overfull \hbox (21.74431pt too wide) in paragraph at lines 13--14
\OT1/cmr/m/it/10 Non-
 []


Overfull \hbox (44.98857pt too wide) in paragraph at lines 13--14
\OT1/cmr/m/it/10 Disruptive
 []


Overfull \hbox (16.12212pt too wide) in paragraph at lines 13--14
\OT1/cmr/m/it/10 Up-
 []


Overfull \hbox (27.21646pt too wide) in paragraph at lines 13--14
\OT1/cmr/m/it/10 grades
 []


Overfull \hbox (23.51097pt too wide) in paragraph at lines 13--14
\OT1/cmr/m/it/10 solid-
 []


Overfull \hbox (37.43861pt too wide) in paragraph at lines 13--14
\OT1/cmr/m/it/10 fire.com.
 []


Overfull \hbox (24.02208pt too wide) in paragraph at lines 13--14
\OT1/cmr/m/it/10 2014-
 []


Overfull \hbox (13.79991pt too wide) in paragraph at lines 13--14
\OT1/cmr/m/it/10 09-
 []


Overfull \hbox (13.28882pt too wide) in paragraph at lines 13--14
\OT1/cmr/m/it/10 17.
 []


Overfull \hbox (14.96098pt too wide) in paragraph at lines 13--14
\OT1/cmr/m/it/10 Re-
 []


Overfull \hbox (29.00531pt too wide) in paragraph at lines 13--14
\OT1/cmr/m/it/10 trieved
 []


Overfull \hbox (24.02208pt too wide) in paragraph at lines 13--14
\OT1/cmr/m/it/10 2015-
 []


Overfull \hbox (13.79991pt too wide) in paragraph at lines 13--14
\OT1/cmr/m/it/10 04-
 []


Overfull \hbox (11.57773pt too wide) in paragraph at lines 13--14
\OT1/cmr/m/it/10 21 
 []


! LaTeX Error: Lonely \item--perhaps a missing list environment.

See the LaTeX manual or LaTeX Companion for explanation.
Type  H <return>  for immediate help.
 ...                                              
                                                  
l.17 \bibitem{etichetta13}
                          {SearchNetworking - \emph{peer-to-peer (P2P)}}
Try typing  <return>  to proceed.
If that doesn't work, type  X <return>  to quit.

! Undefined control sequence.
<argument> \@listctr 
                     
l.17 \bibitem{etichetta13}
                          {SearchNetworking - \emph{peer-to-peer (P2P)}}
The control sequence at the end of the top line
of your error message was never \def'ed. If you have
misspelled it (e.g., `\hobx'), type `I' and the correct
spelling (e.g., `I\hbox'). Otherwise just continue,
and I'll forget about whatever was undefined.

! You can't use `\relax' after \the.
<recently read> \c@ 
                    
l.17 \bibitem{etichetta13}
                          {SearchNetworking - \emph{peer-to-peer (P2P)}}
I'm forgetting what you said and using zero instead.

\bibcite{etichetta13}{0}
Missing character: There is no S in font nullfont!
Missing character: There is no e in font nullfont!
Missing character: There is no a in font nullfont!
Missing character: There is no r in font nullfont!
Missing character: There is no c in font nullfont!
Missing character: There is no h in font nullfont!
Missing character: There is no N in font nullfont!
Missing character: There is no e in font nullfont!
Missing character: There is no t in font nullfont!
Missing character: There is no w in font nullfont!
Missing character: There is no o in font nullfont!
Missing character: There is no r in font nullfont!
Missing character: There is no k in font nullfont!
Missing character: There is no i in font nullfont!
Missing character: There is no n in font nullfont!
Missing character: There is no g in font nullfont!
Missing character: There is no - in font nullfont!

Overfull \hbox (21.08313pt too wide) in paragraph at lines 17--18
\OT1/cmr/m/it/10 peer-
 []


Overfull \hbox (12.01102pt too wide) in paragraph at lines 17--18
\OT1/cmr/m/it/10 to-
 []


Overfull \hbox (17.50539pt too wide) in paragraph at lines 17--18
\OT1/cmr/m/it/10 peer
 []


Overfull \hbox (27.22484pt too wide) in paragraph at lines 17--18
\OT1/cmr/m/it/10 (P2P) 
 []


! LaTeX Error: Lonely \item--perhaps a missing list environment.

See the LaTeX manual or LaTeX Companion for explanation.
Type  H <return>  for immediate help.
 ...                                              
                                                  
l.19 \bibitem{etichetta14}
                          {Lifeware - \emph{Introduction to Peer-to-Peer Net...

Try typing  <return>  to proceed.
If that doesn't work, type  X <return>  to quit.

! Undefined control sequence.
<argument> \@listctr 
                     
l.19 \bibitem{etichetta14}
                          {Lifeware - \emph{Introduction to Peer-to-Peer Net...
The control sequence at the end of the top line
of your error message was never \def'ed. If you have
misspelled it (e.g., `\hobx'), type `I' and the correct
spelling (e.g., `I\hbox'). Otherwise just continue,
and I'll forget about whatever was undefined.

! You can't use `\relax' after \the.
<recently read> \c@ 
                    
l.19 \bibitem{etichetta14}
                          {Lifeware - \emph{Introduction to Peer-to-Peer Net...
I'm forgetting what you said and using zero instead.

\bibcite{etichetta14}{0}
Missing character: There is no L in font nullfont!
Missing character: There is no i in font nullfont!
Missing character: There is no f in font nullfont!
Missing character: There is no e in font nullfont!
Missing character: There is no w in font nullfont!
Missing character: There is no a in font nullfont!
Missing character: There is no r in font nullfont!
Missing character: There is no e in font nullfont!
Missing character: There is no - in font nullfont!

Overfull \hbox (13.05547pt too wide) in paragraph at lines 19--20
\OT1/cmr/m/it/10 In-
 []


Overfull \hbox (15.71652pt too wide) in paragraph at lines 19--20
\OT1/cmr/m/it/10 tro-
 []


Overfull \hbox (18.65543pt too wide) in paragraph at lines 19--20
\OT1/cmr/m/it/10 duc-
 []


Overfull \hbox (17.12212pt too wide) in paragraph at lines 19--20
\OT1/cmr/m/it/10 tion
 []


Overfull \hbox (8.43327pt too wide) in paragraph at lines 19--20
\OT1/cmr/m/it/10 to
 []


Overfull \hbox (23.26646pt too wide) in paragraph at lines 19--20
\OT1/cmr/m/it/10 Peer-
 []


Overfull \hbox (12.01102pt too wide) in paragraph at lines 19--20
\OT1/cmr/m/it/10 to-
 []


Overfull \hbox (19.68872pt too wide) in paragraph at lines 19--20
\OT1/cmr/m/it/10 Peer
 []


Overfull \hbox (18.93318pt too wide) in paragraph at lines 19--20
\OT1/cmr/m/it/10 Net-
 []


Overfull \hbox (25.48177pt too wide) in paragraph at lines 19--20
\OT1/cmr/m/it/10 works 
 []


! LaTeX Error: Lonely \item--perhaps a missing list environment.

See the LaTeX manual or LaTeX Companion for explanation.
Type  H <return>  for immediate help.
 ...                                              
                                                  
l.21 \bibitem{etichetta9}
                         {SearchStorage - \emph{RAID (redundant array of ind...

Try typing  <return>  to proceed.
If that doesn't work, type  X <return>  to quit.

! Undefined control sequence.
<argument> \@listctr 
                     
l.21 \bibitem{etichetta9}
                         {SearchStorage - \emph{RAID (redundant array of ind...
The control sequence at the end of the top line
of your error message was never \def'ed. If you have
misspelled it (e.g., `\hobx'), type `I' and the correct
spelling (e.g., `I\hbox'). Otherwise just continue,
and I'll forget about whatever was undefined.

! You can't use `\relax' after \the.
<recently read> \c@ 
                    
l.21 \bibitem{etichetta9}
                         {SearchStorage - \emph{RAID (redundant array of ind...
I'm forgetting what you said and using zero instead.

\bibcite{etichetta9}{0}
Missing character: There is no S in font nullfont!
Missing character: There is no e in font nullfont!
Missing character: There is no a in font nullfont!
Missing character: There is no r in font nullfont!
Missing character: There is no c in font nullfont!
Missing character: There is no h in font nullfont!
Missing character: There is no S in font nullfont!
Missing character: There is no t in font nullfont!
Missing character: There is no o in font nullfont!
Missing character: There is no r in font nullfont!
Missing character: There is no a in font nullfont!
Missing character: There is no g in font nullfont!
Missing character: There is no e in font nullfont!
Missing character: There is no - in font nullfont!

Overfull \hbox (26.13316pt too wide) in paragraph at lines 21--23
\OT1/cmr/m/it/10 RAID
 []


Overfull \hbox (15.97208pt too wide) in paragraph at lines 21--23
\OT1/cmr/m/it/10 (re-
 []


Overfull \hbox (19.67766pt too wide) in paragraph at lines 21--23
\OT1/cmr/m/it/10 dun-
 []


Overfull \hbox (19.16655pt too wide) in paragraph at lines 21--23
\OT1/cmr/m/it/10 dant
 []


Overfull \hbox (12.90546pt too wide) in paragraph at lines 21--23
\OT1/cmr/m/it/10 ar-
 []


Overfull \hbox (13.6721pt too wide) in paragraph at lines 21--23
\OT1/cmr/m/it/10 ray
 []


Overfull \hbox (8.17773pt too wide) in paragraph at lines 21--23
\OT1/cmr/m/it/10 of
 []


Overfull \hbox (12.26659pt too wide) in paragraph at lines 21--23
\OT1/cmr/m/it/10 in-
 []


Overfull \hbox (13.28879pt too wide) in paragraph at lines 21--23
\OT1/cmr/m/it/10 de-
 []


Overfull \hbox (18.39986pt too wide) in paragraph at lines 21--23
\OT1/cmr/m/it/10 pen-
 []


Overfull \hbox (18.65543pt too wide) in paragraph at lines 21--23
\OT1/cmr/m/it/10 dent
 []


Overfull \hbox (25.41373pt too wide) in paragraph at lines 21--23
\OT1/cmr/m/it/10 disks) 
 []


! LaTeX Error: Lonely \item--perhaps a missing list environment.

See the LaTeX manual or LaTeX Companion for explanation.
Type  H <return>  for immediate help.
 ...                                              
                                                  
l.24 \bibitem{etichetta12}
                          {SearchStorage - \emph{RAID controller}}
Try typing  <return>  to proceed.
If that doesn't work, type  X <return>  to quit.

! Undefined control sequence.
<argument> \@listctr 
                     
l.24 \bibitem{etichetta12}
                          {SearchStorage - \emph{RAID controller}}
The control sequence at the end of the top line
of your error message was never \def'ed. If you have
misspelled it (e.g., `\hobx'), type `I' and the correct
spelling (e.g., `I\hbox'). Otherwise just continue,
and I'll forget about whatever was undefined.

! You can't use `\relax' after \the.
<recently read> \c@ 
                    
l.24 \bibitem{etichetta12}
                          {SearchStorage - \emph{RAID controller}}
I'm forgetting what you said and using zero instead.

\bibcite{etichetta12}{0}
Missing character: There is no S in font nullfont!
Missing character: There is no e in font nullfont!
Missing character: There is no a in font nullfont!
Missing character: There is no r in font nullfont!
Missing character: There is no c in font nullfont!
Missing character: There is no h in font nullfont!
Missing character: There is no S in font nullfont!
Missing character: There is no t in font nullfont!
Missing character: There is no o in font nullfont!
Missing character: There is no r in font nullfont!
Missing character: There is no a in font nullfont!
Missing character: There is no g in font nullfont!
Missing character: There is no e in font nullfont!
Missing character: There is no - in font nullfont!

Overfull \hbox (26.13316pt too wide) in paragraph at lines 24--25
\OT1/cmr/m/it/10 RAID
 []


Overfull \hbox (18.39986pt too wide) in paragraph at lines 24--25
\OT1/cmr/m/it/10 con-
 []


Overfull \hbox (27.65393pt too wide) in paragraph at lines 24--25
\OT1/cmr/m/it/10 troller 
 []


! LaTeX Error: Lonely \item--perhaps a missing list environment.

See the LaTeX manual or LaTeX Companion for explanation.
Type  H <return>  for immediate help.
 ...                                              
                                                  
l.26 \bibitem{etichetta10}
                          {Derek Vadala - \emph{Managing RAID on Linux, O' R...

Try typing  <return>  to proceed.
If that doesn't work, type  X <return>  to quit.

! Undefined control sequence.
<argument> \@listctr 
                     
l.26 \bibitem{etichetta10}
                          {Derek Vadala - \emph{Managing RAID on Linux, O' R...
The control sequence at the end of the top line
of your error message was never \def'ed. If you have
misspelled it (e.g., `\hobx'), type `I' and the correct
spelling (e.g., `I\hbox'). Otherwise just continue,
and I'll forget about whatever was undefined.

! You can't use `\relax' after \the.
<recently read> \c@ 
                    
l.26 \bibitem{etichetta10}
                          {Derek Vadala - \emph{Managing RAID on Linux, O' R...
I'm forgetting what you said and using zero instead.

\bibcite{etichetta10}{0}
Missing character: There is no D in font nullfont!
Missing character: There is no e in font nullfont!
Missing character: There is no r in font nullfont!
Missing character: There is no e in font nullfont!
Missing character: There is no k in font nullfont!
Missing character: There is no V in font nullfont!
Missing character: There is no a in font nullfont!
Missing character: There is no d in font nullfont!
Missing character: There is no a in font nullfont!
Missing character: There is no l in font nullfont!
Missing character: There is no a in font nullfont!
Missing character: There is no - in font nullfont!

Overfull \hbox (23.27763pt too wide) in paragraph at lines 26--27
\OT1/cmr/m/it/10 Man-
 []


Overfull \hbox (13.28879pt too wide) in paragraph at lines 26--27
\OT1/cmr/m/it/10 ag-
 []


Overfull \hbox (13.2888pt too wide) in paragraph at lines 26--27
\OT1/cmr/m/it/10 ing
 []


Overfull \hbox (26.13316pt too wide) in paragraph at lines 26--27
\OT1/cmr/m/it/10 RAID
 []


Overfull \hbox (10.73328pt too wide) in paragraph at lines 26--27
\OT1/cmr/m/it/10 on
 []


Overfull \hbox (28.03317pt too wide) in paragraph at lines 26--27
\OT1/cmr/m/it/10 Linux,
 []


Overfull \hbox (10.73328pt too wide) in paragraph at lines 26--27
\OT1/cmr/m/it/10 O'
 []


Overfull \hbox (27.99425pt too wide) in paragraph at lines 26--27
\OT1/cmr/m/it/10 Reilly,
 []


Overfull \hbox (21.7999pt too wide) in paragraph at lines 26--27
\OT1/cmr/m/it/10 2002 
 []


! LaTeX Error: Lonely \item--perhaps a missing list environment.

See the LaTeX manual or LaTeX Companion for explanation.
Type  H <return>  for immediate help.
 ...                                              
                                                  
l.28 \bibitem{etichetta11}
                          {SearchStorage - \emph{erasure coding}}
Try typing  <return>  to proceed.
If that doesn't work, type  X <return>  to quit.

! Undefined control sequence.
<argument> \@listctr 
                     
l.28 \bibitem{etichetta11}
                          {SearchStorage - \emph{erasure coding}}
The control sequence at the end of the top line
of your error message was never \def'ed. If you have
misspelled it (e.g., `\hobx'), type `I' and the correct
spelling (e.g., `I\hbox'). Otherwise just continue,
and I'll forget about whatever was undefined.

! You can't use `\relax' after \the.
<recently read> \c@ 
                    
l.28 \bibitem{etichetta11}
                          {SearchStorage - \emph{erasure coding}}
I'm forgetting what you said and using zero instead.

\bibcite{etichetta11}{0}
Missing character: There is no S in font nullfont!
Missing character: There is no e in font nullfont!
Missing character: There is no a in font nullfont!
Missing character: There is no r in font nullfont!
Missing character: There is no c in font nullfont!
Missing character: There is no h in font nullfont!
Missing character: There is no S in font nullfont!
Missing character: There is no t in font nullfont!
Missing character: There is no o in font nullfont!
Missing character: There is no r in font nullfont!
Missing character: There is no a in font nullfont!
Missing character: There is no g in font nullfont!
Missing character: There is no e in font nullfont!
Missing character: There is no - in font nullfont!

Overfull \hbox (16.9943pt too wide) in paragraph at lines 28--30
\OT1/cmr/m/it/10 era-
 []


Overfull \hbox (17.76097pt too wide) in paragraph at lines 28--30
\OT1/cmr/m/it/10 sure
 []


Overfull \hbox (17.37762pt too wide) in paragraph at lines 28--30
\OT1/cmr/m/it/10 cod-
 []


Overfull \hbox (14.17352pt too wide) in paragraph at lines 28--30
\OT1/cmr/m/it/10 ing 
 []


! LaTeX Error: Lonely \item--perhaps a missing list environment.

See the LaTeX manual or LaTeX Companion for explanation.
Type  H <return>  for immediate help.
 ...                                              
                                                  
l.31 \bibitem{etichetta15}
                          {PosgreSQL - \emph{Documentation}}
Try typing  <return>  to proceed.
If that doesn't work, type  X <return>  to quit.

! Undefined control sequence.
<argument> \@listctr 
                     
l.31 \bibitem{etichetta15}
                          {PosgreSQL - \emph{Documentation}}
The control sequence at the end of the top line
of your error message was never \def'ed. If you have
misspelled it (e.g., `\hobx'), type `I' and the correct
spelling (e.g., `I\hbox'). Otherwise just continue,
and I'll forget about whatever was undefined.

! You can't use `\relax' after \the.
<recently read> \c@ 
                    
l.31 \bibitem{etichetta15}
                          {PosgreSQL - \emph{Documentation}}
I'm forgetting what you said and using zero instead.

\bibcite{etichetta15}{0}
Missing character: There is no P in font nullfont!
Missing character: There is no o in font nullfont!
Missing character: There is no s in font nullfont!
Missing character: There is no g in font nullfont!
Missing character: There is no r in font nullfont!
Missing character: There is no e in font nullfont!
Missing character: There is no S in font nullfont!
Missing character: There is no Q in font nullfont!
Missing character: There is no L in font nullfont!
Missing character: There is no - in font nullfont!

Overfull \hbox (20.3276pt too wide) in paragraph at lines 31--32
\OT1/cmr/m/it/10 Doc-
 []


Overfull \hbox (8.94438pt too wide) in paragraph at lines 31--32
\OT1/cmr/m/it/10 u-
 []


Overfull \hbox (21.97763pt too wide) in paragraph at lines 31--32
\OT1/cmr/m/it/10 men-
 []


Overfull \hbox (12.01102pt too wide) in paragraph at lines 31--32
\OT1/cmr/m/it/10 ta-
 []


Overfull \hbox (17.88925pt too wide) in paragraph at lines 31--32
\OT1/cmr/m/it/10 tion 
 []


! LaTeX Error: Lonely \item--perhaps a missing list environment.

See the LaTeX manual or LaTeX Companion for explanation.
Type  H <return>  for immediate help.
 ...                                              
                                                  
l.33 \bibitem{etichetta12}
                          {2ndQuadrant Ltd - \emph{PostgreSQL}}
Try typing  <return>  to proceed.
If that doesn't work, type  X <return>  to quit.

! Undefined control sequence.
<argument> \@listctr 
                     
l.33 \bibitem{etichetta12}
                          {2ndQuadrant Ltd - \emph{PostgreSQL}}
The control sequence at the end of the top line
of your error message was never \def'ed. If you have
misspelled it (e.g., `\hobx'), type `I' and the correct
spelling (e.g., `I\hbox'). Otherwise just continue,
and I'll forget about whatever was undefined.

! You can't use `\relax' after \the.
<recently read> \c@ 
                    
l.33 \bibitem{etichetta12}
                          {2ndQuadrant Ltd - \emph{PostgreSQL}}
I'm forgetting what you said and using zero instead.

\bibcite{etichetta12}{0}
Missing character: There is no 2 in font nullfont!
Missing character: There is no n in font nullfont!
Missing character: There is no d in font nullfont!
Missing character: There is no Q in font nullfont!
Missing character: There is no u in font nullfont!
Missing character: There is no a in font nullfont!
Missing character: There is no d in font nullfont!
Missing character: There is no r in font nullfont!
Missing character: There is no a in font nullfont!
Missing character: There is no n in font nullfont!
Missing character: There is no t in font nullfont!
Missing character: There is no L in font nullfont!
Missing character: There is no t in font nullfont!
Missing character: There is no d in font nullfont!
Missing character: There is no - in font nullfont!

Overfull \hbox (22.88318pt too wide) in paragraph at lines 33--34
\OT1/cmr/m/it/10 Post-
 []


Overfull \hbox (32.46642pt too wide) in paragraph at lines 33--34
\OT1/cmr/m/it/10 greSQL 
 []


! LaTeX Error: Lonely \item--perhaps a missing list environment.

See the LaTeX manual or LaTeX Companion for explanation.
Type  H <return>  for immediate help.
 ...                                              
                                                  
l.35 \bibitem{etichetta3}
                         {2ndQuadrant Ltd - \emph{pglogical}}
Try typing  <return>  to proceed.
If that doesn't work, type  X <return>  to quit.

! Undefined control sequence.
<argument> \@listctr 
                     
l.35 \bibitem{etichetta3}
                         {2ndQuadrant Ltd - \emph{pglogical}}
The control sequence at the end of the top line
of your error message was never \def'ed. If you have
misspelled it (e.g., `\hobx'), type `I' and the correct
spelling (e.g., `I\hbox'). Otherwise just continue,
and I'll forget about whatever was undefined.

! You can't use `\relax' after \the.
<recently read> \c@ 
                    
l.35 \bibitem{etichetta3}
                         {2ndQuadrant Ltd - \emph{pglogical}}
I'm forgetting what you said and using zero instead.

\bibcite{etichetta3}{0}
Missing character: There is no 2 in font nullfont!
Missing character: There is no n in font nullfont!
Missing character: There is no d in font nullfont!
Missing character: There is no Q in font nullfont!
Missing character: There is no u in font nullfont!
Missing character: There is no a in font nullfont!
Missing character: There is no d in font nullfont!
Missing character: There is no r in font nullfont!
Missing character: There is no a in font nullfont!
Missing character: There is no n in font nullfont!
Missing character: There is no t in font nullfont!
Missing character: There is no L in font nullfont!
Missing character: There is no t in font nullfont!
Missing character: There is no d in font nullfont!
Missing character: There is no - in font nullfont!

Overfull \hbox (12.77766pt too wide) in paragraph at lines 35--36
\OT1/cmr/m/it/10 pg-
 []


Overfull \hbox (15.3332pt too wide) in paragraph at lines 35--36
\OT1/cmr/m/it/10 log-
 []


Overfull \hbox (6.6444pt too wide) in paragraph at lines 35--36
\OT1/cmr/m/it/10 i-
 []


Overfull \hbox (12.7888pt too wide) in paragraph at lines 35--36
\OT1/cmr/m/it/10 cal 
 []


! LaTeX Error: \begin{document} ended by \end{thebibliography}.

See the LaTeX manual or LaTeX Companion for explanation.
Type  H <return>  for immediate help.
 ...                                              
                                                  
l.39 \end{thebibliography}
                          
Your command was ignored.
Type  I <command> <return>  to replace it with another command,
or  <return>  to continue without it.

)
! Emergency stop.
<*> bibliografia.tex
                    
*** (job aborted, no legal \end found)

 
Here is how much of TeX's memory you used:
 11 strings out of 493030
 214 string characters out of 6136259
 57062 words of memory out of 5000000
 3646 multiletter control sequences out of 15000+600000
 3986 words of font info for 15 fonts, out of 8000000 for 9000
 1141 hyphenation exceptions out of 8191
 14i,1n,10p,207b,88s stack positions out of 5000i,500n,10000p,200000b,80000s
No pages of output.
