\BOOKMARK [0][-]{chapter.1}{Definizione del problema}{}% 1
\BOOKMARK [1][-]{subsection.1.1.1}{Cluster di database}{chapter.1}% 2
\BOOKMARK [2][-]{subsection.1.1.2}{Rete di pari}{subsection.1.1.1}% 3
\BOOKMARK [2][-]{subsection.1.1.3}{Sistemi di ridondanza disco \(RAID\)}{subsection.1.1.1}% 4
\BOOKMARK [2][-]{subsection.1.1.4}{Codice di correzione errore \(Erasure Coding\)}{subsection.1.1.1}% 5
\BOOKMARK [1][-]{section.1.2}{Software utilizzato per gli esperimenti}{chapter.1}% 6
\BOOKMARK [2][-]{subsection.1.2.1}{PosgreSQL}{section.1.2}% 7
\BOOKMARK [2][-]{subsection.1.2.2}{Pglogical}{section.1.2}% 8
\BOOKMARK [1][-]{section.1.3}{Hardware utilizzato per gli esperimenti}{chapter.1}% 9
\BOOKMARK [0][-]{chapter.2}{Definizione del progetto}{}% 10
\BOOKMARK [1][-]{subsection.2.1.1}{Architettura del progetto}{chapter.2}% 11
\BOOKMARK [2][-]{subsection.2.1.2}{Simulazione di un filesystem distribuito \(Dati e Metadati\)}{subsection.2.1.1}% 12
\BOOKMARK [1][-]{section.2.2}{Considerazioni statistiche sulla ridondanza sul dato}{chapter.2}% 13
\BOOKMARK [1][-]{section.2.3}{Considerazioni statistiche sulla ridondanza del metadato}{chapter.2}% 14
\BOOKMARK [1][-]{section.2.4}{Resilienza ai cambiamenti di rete}{chapter.2}% 15
\BOOKMARK [0][-]{chapter.3}{Definizione del quadro sperimentale}{}% 16
\BOOKMARK [1][-]{section.3.1}{Lancio in configurazione 1}{chapter.3}% 17
\BOOKMARK [1][-]{section.3.2}{Lancio in configurazione 2}{chapter.3}% 18
\BOOKMARK [1][-]{section.3.3}{Lancio in configurazione 3}{chapter.3}% 19
\BOOKMARK [0][-]{chapter.4}{Conclusioni e possibili evoluzioni}{}% 20
\BOOKMARK [1][-]{section.4.1}{Utilizzo di dischi SSD}{chapter.4}% 21
\BOOKMARK [1][-]{section.4.2}{Utilizzo di processori Dual Core}{chapter.4}% 22
\BOOKMARK [0][-]{chapter.5}{esercizi}{}% 23
